<?xml version="1.0" encoding="UTF-8"?>
<!-- Generated by org.testng.reporters.JUnitReportReporter -->
<testsuite hostname="DESKTOP-2PSCSJ2" failures="0" tests="1" name="api.testcases.DeviceTest" time="3.021" errors="0" timestamp="2024-06-28T02:21:41 AST" skipped="0">
  <testcase classname="api.testcases.DeviceTest" name="createNewDevice" time="3.021"/>
  <system-out/>
</testsuite> <!-- api.testcases.DeviceTest -->
